<?xml version="1.0" encoding="UTF-8"?>
<testsuite xmlns:xsi="http://www.w3.org/2001/XMLSchema-instance" xsi:noNamespaceSchemaLocation="https://maven.apache.org/surefire/maven-surefire-plugin/xsd/surefire-test-report-3.0.xsd" version="3.0" name="com.pankajproduct.inventory_service.InventoryServiceApplicationTests" time="13.629" tests="1" errors="0" skipped="0" failures="0">
  <properties>
[...]
</properties>
  <testcase name="contextLoads" classname="com.pankajproduct.inventory_service.InventoryServiceApplicationTests" time="0.967">
    <system-out><![CDATA[22:51:11.688 [main] INFO org.springframework.test.context.support.AnnotationConfigContextLoaderUtils -- Could not detect default configuration classes for test class [com.pankajproduct.inventory_service.InventoryServiceApplicationTests]: InventoryServiceApplicationTests does not declare any static, non-private, non-final, nested classes annotated with @Configuration.
22:51:11.944 [main] INFO org.springframework.boot.test.context.SpringBootTestContextBootstrapper -- Found @SpringBootConfiguration com.pankajproduct.inventory_service.InventoryServiceApplication for test class com.pankajproduct.inventory_service.InventoryServiceApplicationTests

  .   ____          _            __ _ _
 /\\ / ___'_ __ _ _(_)_ __  __ _ \ \ \ \
( ( )\___ | '_ | '_| | '_ \/ _` | \ \ \ \
 \\/  ___)| |_)| | | | | || (_| |  ) ) ) )
  '  |____| .__|_| |_|_| |_\__, | / / / /
 =========|_|==============|___/=/_/_/_/
 :: Spring Boot ::                (v3.2.9)

2024-09-12T22:51:13.071+05:30  INFO 21096 --- [inventory-service] [           main] c.p.i.InventoryServiceApplicationTests   : Starting InventoryServiceApplicationTests using Java 17.0.12 with PID 21096 (started by pankaj.gusain in C:\Users\pankaj.gusain\Desktop\Microservices_Project\microservices-newer\inventory-service)
2024-09-12T22:51:13.077+05:30  INFO 21096 --- [inventory-service] [           main] c.p.i.InventoryServiceApplicationTests   : No active profile set, falling back to 1 default profile: "default"
2024-09-12T22:51:14.969+05:30  INFO 21096 --- [inventory-service] [           main] .s.d.r.c.RepositoryConfigurationDelegate : Bootstrapping Spring Data JPA repositories in DEFAULT mode.
2024-09-12T22:51:15.145+05:30  INFO 21096 --- [inventory-service] [           main] .s.d.r.c.RepositoryConfigurationDelegate : Finished Spring Data repository scanning in 149 ms. Found 1 JPA repository interface.
2024-09-12T22:51:16.940+05:30  INFO 21096 --- [inventory-service] [           main] o.hibernate.jpa.internal.util.LogHelper  : HHH000204: Processing PersistenceUnitInfo [name: default]
2024-09-12T22:51:17.231+05:30  INFO 21096 --- [inventory-service] [           main] org.hibernate.Version                    : HHH000412: Hibernate ORM core version 6.4.10.Final
2024-09-12T22:51:17.411+05:30  INFO 21096 --- [inventory-service] [           main] o.h.c.internal.RegionFactoryInitiator    : HHH000026: Second-level cache disabled
2024-09-12T22:51:18.003+05:30  INFO 21096 --- [inventory-service] [           main] o.s.o.j.p.SpringPersistenceUnitInfo      : No LoadTimeWeaver setup: ignoring JPA class transformer
2024-09-12T22:51:18.065+05:30  INFO 21096 --- [inventory-service] [           main] com.zaxxer.hikari.HikariDataSource       : HikariPool-1 - Starting...
2024-09-12T22:51:18.775+05:30  INFO 21096 --- [inventory-service] [           main] com.zaxxer.hikari.pool.HikariPool        : HikariPool-1 - Added connection com.mysql.cj.jdbc.ConnectionImpl@6eeb29c0
2024-09-12T22:51:18.781+05:30  INFO 21096 --- [inventory-service] [           main] com.zaxxer.hikari.HikariDataSource       : HikariPool-1 - Start completed.
2024-09-12T22:51:21.214+05:30  INFO 21096 --- [inventory-service] [           main] o.h.e.t.j.p.i.JtaPlatformInitiator       : HHH000489: No JTA platform available (set 'hibernate.transaction.jta.platform' to enable JTA platform integration)
2024-09-12T22:51:21.335+05:30  INFO 21096 --- [inventory-service] [           main] j.LocalContainerEntityManagerFactoryBean : Initialized JPA EntityManagerFactory for persistence unit 'default'
2024-09-12T22:51:22.760+05:30  WARN 21096 --- [inventory-service] [           main] JpaBaseConfiguration$JpaWebConfiguration : spring.jpa.open-in-view is enabled by default. Therefore, database queries may be performed during view rendering. Explicitly configure spring.jpa.open-in-view to disable this warning
2024-09-12T22:51:23.727+05:30  INFO 21096 --- [inventory-service] [           main] c.p.i.InventoryServiceApplicationTests   : Started InventoryServiceApplicationTests in 11.332 seconds (process running for 14.919)
]]></system-out>
  </testcase>
</testsuite>